
optiboot_atmega128.elf:     file format elf32-avr

Sections:
Idx Name          Size      VMA       LMA       File off  Algn
  0 .data         00000000  00800100  0001fe66  000002fa  2**0
                  CONTENTS, ALLOC, LOAD, DATA
  1 .text         00000266  0001fc00  0001fc00  00000094  2**1
                  CONTENTS, ALLOC, LOAD, READONLY, CODE
  2 .version      00000002  0001fffe  0001fffe  000002fa  2**0
                  CONTENTS, ALLOC, LOAD, READONLY, DATA
  3 .comment      00000011  00000000  00000000  000002fc  2**0
                  CONTENTS, READONLY
  4 .debug_aranges 00000028  00000000  00000000  0000030d  2**0
                  CONTENTS, READONLY, DEBUGGING
  5 .debug_info   00000608  00000000  00000000  00000335  2**0
                  CONTENTS, READONLY, DEBUGGING
  6 .debug_abbrev 0000027a  00000000  00000000  0000093d  2**0
                  CONTENTS, READONLY, DEBUGGING
  7 .debug_line   0000036e  00000000  00000000  00000bb7  2**0
                  CONTENTS, READONLY, DEBUGGING
  8 .debug_frame  00000094  00000000  00000000  00000f28  2**2
                  CONTENTS, READONLY, DEBUGGING
  9 .debug_str    000001e8  00000000  00000000  00000fbc  2**0
                  CONTENTS, READONLY, DEBUGGING
 10 .debug_loc    00000492  00000000  00000000  000011a4  2**0
                  CONTENTS, READONLY, DEBUGGING
 11 .debug_ranges 00000078  00000000  00000000  00001636  2**0
                  CONTENTS, READONLY, DEBUGGING

Disassembly of section .text:

0001fc00 <main>:
#define appstart_vec (0)
#endif // VIRTUAL_BOOT_PARTITION


/* main program starts here */
int main(void) {
   1fc00:	1f 92       	push	r1
   1fc02:	cd b7       	in	r28, 0x3d	; 61
   1fc04:	de b7       	in	r29, 0x3e	; 62
  //  SP points to RAMEND
  //  r1 contains zero
  //
  // If not, uncomment the following instructions:
  // cli();
  asm volatile ("clr __zero_reg__");
   1fc06:	11 24       	eor	r1, r1
#if defined(__AVR_ATmega8__) || defined (__AVR_ATmega32__) || defined (__AVR_ATmega16__) || defined (__AVR_ATmega162__) || defined (__AVR_ATmega128__) || defined (__AVR_ATmega64__)
  SP=RAMEND;  // This is done by hardware reset
   1fc08:	8f ef       	ldi	r24, 0xFF	; 255
   1fc0a:	90 e1       	ldi	r25, 0x10	; 16
   1fc0c:	9e bf       	out	0x3e, r25	; 62
   1fc0e:	8d bf       	out	0x3d, r24	; 61
   * Pass the reset reason to app.  Also, it appears that an Uno poweron
   * can leave multiple reset flags set; we only want the bootloader to
   * run on an 'external reset only' status
   */
#if defined (__AVR_ATmega128__) || defined (__AVR_ATmega64__)
  ch = MCUCSR;
   1fc10:	84 b7       	in	r24, 0x34	; 52
  MCUCSR = 0;
   1fc12:	14 be       	out	0x34, r1	; 52
#else
  ch = MCUSR;
  MCUSR = 0;
#endif
  if (ch & (_BV(WDRF) | _BV(BORF) | _BV(PORF)))
   1fc14:	98 2f       	mov	r25, r24
   1fc16:	9d 70       	andi	r25, 0x0D	; 13
   1fc18:	09 f0       	breq	.+2      	; 0x1fc1c <main+0x1c>
      appStart(ch);
   1fc1a:	0a d1       	rcall	.+532    	; 0x1fe30 <appStart>

#if LED_START_FLASHES > 0
  // Set up Timer 1 for timeout counter
  TCCR1B = _BV(CS12) | _BV(CS10); // div 1024
   1fc1c:	85 e0       	ldi	r24, 0x05	; 5
   1fc1e:	8e bd       	out	0x2e, r24	; 46
  UCSRA = _BV(U2X); //Double speed mode USART
  UCSRB = _BV(RXEN) | _BV(TXEN);  // enable Rx & Tx
  UCSRC = _BV(URSEL) | _BV(UCSZ1) | _BV(UCSZ0);  // config USART; 8N1
  UBRRL = (uint8_t)( (F_CPU + BAUD_RATE * 4L) / (BAUD_RATE * 8L) - 1 );
#else
  UART_SRA = _BV(U2X0); //Double speed mode USART0
   1fc20:	82 e0       	ldi	r24, 0x02	; 2
   1fc22:	8b b9       	out	0x0b, r24	; 11
  UART_SRB = _BV(RXEN0) | _BV(TXEN0);
   1fc24:	88 e1       	ldi	r24, 0x18	; 24
   1fc26:	8a b9       	out	0x0a, r24	; 10
  UART_SRC = _BV(UCSZ00) | _BV(UCSZ01);
   1fc28:	86 e0       	ldi	r24, 0x06	; 6
   1fc2a:	80 93 95 00 	sts	0x0095, r24
  UART_SRL = (uint8_t)( (F_CPU + BAUD_RATE * 4L) / (BAUD_RATE * 8L) - 1 );
   1fc2e:	80 e1       	ldi	r24, 0x10	; 16
   1fc30:	89 b9       	out	0x09, r24	; 9
#endif
#endif

  // Set up watchdog to trigger after 1s
  watchdogConfig(WATCHDOG_1S);
   1fc32:	8e e0       	ldi	r24, 0x0E	; 14
   1fc34:	ea d0       	rcall	.+468    	; 0x1fe0a <watchdogConfig>

#if (LED_START_FLASHES > 0) || defined(LED_DATA_FLASH)
  /* Set LED pin as output */
  LED_DDR |= _BV(LED);
   1fc36:	bd 9a       	sbi	0x17, 5	; 23
   1fc38:	24 e0       	ldi	r18, 0x04	; 4
}

#if LED_START_FLASHES > 0
void flash_led(uint8_t count) {
  do {
    TCNT1 = -(F_CPU/(1024*16));
   1fc3a:	88 e1       	ldi	r24, 0x18	; 24
   1fc3c:	9e ef       	ldi	r25, 0xFE	; 254
    TIFR1 = _BV(TOV1);
   1fc3e:	54 e0       	ldi	r21, 0x04	; 4
    while(!(TIFR1 & _BV(TOV1)));
#if defined(__AVR_ATmega8__)  || defined (__AVR_ATmega32__) || defined (__AVR_ATmega16__) || defined (__AVR_ATmega162__) || defined (__AVR_ATmega128__) || defined (__AVR_ATmega64__)
    LED_PORT ^= _BV(LED);
   1fc40:	40 e2       	ldi	r20, 0x20	; 32
}

#if LED_START_FLASHES > 0
void flash_led(uint8_t count) {
  do {
    TCNT1 = -(F_CPU/(1024*16));
   1fc42:	9d bd       	out	0x2d, r25	; 45
   1fc44:	8c bd       	out	0x2c, r24	; 44
    TIFR1 = _BV(TOV1);
   1fc46:	56 bf       	out	0x36, r21	; 54
    while(!(TIFR1 & _BV(TOV1)));
   1fc48:	06 b6       	in	r0, 0x36	; 54
   1fc4a:	02 fe       	sbrs	r0, 2
   1fc4c:	fd cf       	rjmp	.-6      	; 0x1fc48 <main+0x48>
#if defined(__AVR_ATmega8__)  || defined (__AVR_ATmega32__) || defined (__AVR_ATmega16__) || defined (__AVR_ATmega162__) || defined (__AVR_ATmega128__) || defined (__AVR_ATmega64__)
    LED_PORT ^= _BV(LED);
   1fc4e:	38 b3       	in	r19, 0x18	; 24
   1fc50:	34 27       	eor	r19, r20
   1fc52:	38 bb       	out	0x18, r19	; 24
}
#endif

// Watchdog functions. These are only safe with interrupts turned off.
void watchdogReset() {
  __asm__ __volatile__ (
   1fc54:	a8 95       	wdr
   1fc56:	21 50       	subi	r18, 0x01	; 1
    LED_PORT ^= _BV(LED);
#else
    LED_PIN |= _BV(LED);
#endif
    watchdogReset();
  } while (--count);
   1fc58:	a1 f7       	brne	.-24     	; 0x1fc42 <main+0x42>
   1fc5a:	41 2c       	mov	r4, r1
   1fc5c:	51 2c       	mov	r5, r1
	     * used to be code to do this while receiving the data over
	     * the serial link, but the performance improvement was slight,
	     * and we needed the space back.
	     */
#if defined(__AVR_ATmega128__) || defined (__AVR_ATmega64__)
		__boot_page_erase_normal((uint16_t)(void*)address);
   1fc5e:	43 e0       	ldi	r20, 0x03	; 3
   1fc60:	d4 2e       	mov	r13, r20
	    do {
		uint16_t a;
		a = *bufPtr++;
		a |= (*bufPtr++) << 8;
#if defined(__AVR_ATmega128__) || defined (__AVR_ATmega64__)
		__boot_page_fill_normal((uint16_t)(void*)addrPtr,a);
   1fc62:	cc 24       	eor	r12, r12
   1fc64:	c3 94       	inc	r12

	    /*
	     * Actually Write the buffer to flash (and wait for it to finish.)
	     */
#if defined(__AVR_ATmega128__) || defined (__AVR_ATmega64__)
		__boot_page_write_normal((uint16_t)(void*)address);
   1fc66:	55 e0       	ldi	r21, 0x05	; 5
   1fc68:	b5 2e       	mov	r11, r21
#endif
	    boot_spm_busy_wait();
#if defined(RWWSRE)
	    // Reenable read access to flash
#if defined(__AVR_ATmega128__) || defined (__AVR_ATmega64__)
		__boot_rww_enable();
   1fc6a:	61 e1       	ldi	r22, 0x11	; 17
   1fc6c:	a6 2e       	mov	r10, r22
#endif

  /* Forever loop: exits by causing WDT reset */
  for (;;) {
    /* get character from UART */
    ch = getch();
   1fc6e:	c6 d0       	rcall	.+396    	; 0x1fdfc <getch>

    if(ch == STK_GET_PARAMETER) {
   1fc70:	81 34       	cpi	r24, 0x41	; 65
   1fc72:	71 f4       	brne	.+28     	; 0x1fc90 <main+0x90>
      unsigned char which = getch();
   1fc74:	c3 d0       	rcall	.+390    	; 0x1fdfc <getch>
      verifySpace();
   1fc76:	89 83       	std	Y+1, r24	; 0x01
   1fc78:	cc d0       	rcall	.+408    	; 0x1fe12 <verifySpace>
      /*
       * Send optiboot version as "SW version"
       * Note that the references to memory are optimized away.
       */
      if (which == 0x82) {
   1fc7a:	89 81       	ldd	r24, Y+1	; 0x01
   1fc7c:	82 38       	cpi	r24, 0x82	; 130
   1fc7e:	09 f4       	brne	.+2      	; 0x1fc82 <main+0x82>
   1fc80:	af c0       	rjmp	.+350    	; 0x1fde0 <main+0x1e0>
	  putch(optiboot_version & 0xFF);
      } else if (which == 0x81) {
   1fc82:	81 38       	cpi	r24, 0x81	; 129
   1fc84:	11 f4       	brne	.+4      	; 0x1fc8a <main+0x8a>
	  putch(optiboot_version >> 8);
   1fc86:	86 e0       	ldi	r24, 0x06	; 6
   1fc88:	01 c0       	rjmp	.+2      	; 0x1fc8c <main+0x8c>
      } else {
	/*
	 * GET PARAMETER returns a generic 0x03 reply for
         * other parameters - enough to keep Avrdude happy
	 */
	putch(0x03);
   1fc8a:	83 e0       	ldi	r24, 0x03	; 3
   1fc8c:	b3 d0       	rcall	.+358    	; 0x1fdf4 <putch>
   1fc8e:	af c0       	rjmp	.+350    	; 0x1fdee <main+0x1ee>
      }
    }
    else if(ch == STK_SET_DEVICE) {
   1fc90:	82 34       	cpi	r24, 0x42	; 66
   1fc92:	11 f4       	brne	.+4      	; 0x1fc98 <main+0x98>
      // SET DEVICE is ignored
      getNch(20);
   1fc94:	84 e1       	ldi	r24, 0x14	; 20
   1fc96:	03 c0       	rjmp	.+6      	; 0x1fc9e <main+0x9e>
    }
    else if(ch == STK_SET_DEVICE_EXT) {
   1fc98:	85 34       	cpi	r24, 0x45	; 69
   1fc9a:	19 f4       	brne	.+6      	; 0x1fca2 <main+0xa2>
      // SET DEVICE EXT is ignored
      getNch(5);
   1fc9c:	85 e0       	ldi	r24, 0x05	; 5
   1fc9e:	c1 d0       	rcall	.+386    	; 0x1fe22 <getNch>
   1fca0:	a6 c0       	rjmp	.+332    	; 0x1fdee <main+0x1ee>
    }
    else if(ch == STK_LOAD_ADDRESS) {
   1fca2:	85 35       	cpi	r24, 0x55	; 85
   1fca4:	69 f4       	brne	.+26     	; 0x1fcc0 <main+0xc0>
      // LOAD ADDRESS
      uint16_t newAddress;
      newAddress = getch();
   1fca6:	aa d0       	rcall	.+340    	; 0x1fdfc <getch>
   1fca8:	48 2e       	mov	r4, r24
      newAddress = (newAddress & 0xff) | (getch() << 8);
   1fcaa:	a8 d0       	rcall	.+336    	; 0x1fdfc <getch>
   1fcac:	51 2c       	mov	r5, r1
   1fcae:	58 2a       	or	r5, r24
#ifdef RAMPZ
      // Transfer top bit to RAMPZ
      RAMPZ = (newAddress & 0x8000) ? 1 : 0;
   1fcb0:	85 2d       	mov	r24, r5
   1fcb2:	88 1f       	adc	r24, r24
   1fcb4:	88 27       	eor	r24, r24
   1fcb6:	88 1f       	adc	r24, r24
   1fcb8:	8b bf       	out	0x3b, r24	; 59
#endif
      newAddress += newAddress; // Convert from word address to byte address
   1fcba:	44 0c       	add	r4, r4
   1fcbc:	55 1c       	adc	r5, r5
   1fcbe:	96 c0       	rjmp	.+300    	; 0x1fdec <main+0x1ec>
      address = newAddress;
      verifySpace();
    }
    else if(ch == STK_UNIVERSAL) {
   1fcc0:	86 35       	cpi	r24, 0x56	; 86
   1fcc2:	21 f4       	brne	.+8      	; 0x1fccc <main+0xcc>
      // UNIVERSAL command is ignored
      getNch(4);
   1fcc4:	84 e0       	ldi	r24, 0x04	; 4
   1fcc6:	ad d0       	rcall	.+346    	; 0x1fe22 <getNch>
      putch(0x00);
   1fcc8:	80 e0       	ldi	r24, 0x00	; 0
   1fcca:	e0 cf       	rjmp	.-64     	; 0x1fc8c <main+0x8c>
    }
    /* Write memory, length is big endian and is in bytes */
    else if(ch == STK_PROG_PAGE) {
   1fccc:	84 36       	cpi	r24, 0x64	; 100
   1fcce:	09 f0       	breq	.+2      	; 0x1fcd2 <main+0xd2>
   1fcd0:	5a c0       	rjmp	.+180    	; 0x1fd86 <main+0x186>
      // PROGRAM PAGE - we support flash programming only, not EEPROM
      uint8_t desttype;
      uint8_t *bufPtr;
      pagelen_t savelength;

      GETLENGTH(length);
   1fcd2:	94 d0       	rcall	.+296    	; 0x1fdfc <getch>
   1fcd4:	08 2f       	mov	r16, r24
   1fcd6:	10 e0       	ldi	r17, 0x00	; 0
   1fcd8:	10 2f       	mov	r17, r16
   1fcda:	00 27       	eor	r16, r16
   1fcdc:	8f d0       	rcall	.+286    	; 0x1fdfc <getch>
   1fcde:	08 2b       	or	r16, r24
      savelength = length;
      desttype = getch();
   1fce0:	8d d0       	rcall	.+282    	; 0x1fdfc <getch>
   1fce2:	78 2e       	mov	r7, r24
      // PROGRAM PAGE - we support flash programming only, not EEPROM
      uint8_t desttype;
      uint8_t *bufPtr;
      pagelen_t savelength;

      GETLENGTH(length);
   1fce4:	78 01       	movw	r14, r16
      savelength = length;
      desttype = getch();
   1fce6:	81 2c       	mov	r8, r1
   1fce8:	99 24       	eor	r9, r9
   1fcea:	93 94       	inc	r9

      // read a page worth of contents
      bufPtr = buff;
      do *bufPtr++ = getch();
   1fcec:	87 d0       	rcall	.+270    	; 0x1fdfc <getch>
   1fcee:	f4 01       	movw	r30, r8
   1fcf0:	81 93       	st	Z+, r24
   1fcf2:	4f 01       	movw	r8, r30
      while (--length);
   1fcf4:	f1 e0       	ldi	r31, 0x01	; 1
   1fcf6:	ef 1a       	sub	r14, r31
   1fcf8:	f1 08       	sbc	r15, r1
   1fcfa:	e1 14       	cp	r14, r1
   1fcfc:	f1 04       	cpc	r15, r1
   1fcfe:	b1 f7       	brne	.-20     	; 0x1fcec <main+0xec>

      // Read command terminator, start reply
      verifySpace();
   1fd00:	88 d0       	rcall	.+272    	; 0x1fe12 <verifySpace>
 * void writebuffer(memtype, buffer, address, length)
 */
static inline void writebuffer(int8_t memtype, uint8_t *mybuff,
			       uint16_t address, pagelen_t len)
{
    switch (memtype) {
   1fd02:	85 e4       	ldi	r24, 0x45	; 69
   1fd04:	78 12       	cpse	r7, r24
   1fd06:	13 c0       	rjmp	.+38     	; 0x1fd2e <main+0x12e>
   1fd08:	48 01       	movw	r8, r16
   1fd0a:	84 0c       	add	r8, r4
   1fd0c:	95 1c       	adc	r9, r5
   1fd0e:	72 01       	movw	r14, r4
   1fd10:	00 e0       	ldi	r16, 0x00	; 0
   1fd12:	11 e0       	ldi	r17, 0x01	; 1
    case 'E': // EEPROM
#if defined(SUPPORT_EEPROM) || defined(BIGBOOT)
        while(len--) {
   1fd14:	e8 14       	cp	r14, r8
   1fd16:	f9 04       	cpc	r15, r9
   1fd18:	09 f4       	brne	.+2      	; 0x1fd1c <main+0x11c>
   1fd1a:	69 c0       	rjmp	.+210    	; 0x1fdee <main+0x1ee>
	    eeprom_write_byte((uint8_t *)(address++), *mybuff++);
   1fd1c:	f8 01       	movw	r30, r16
   1fd1e:	61 91       	ld	r22, Z+
   1fd20:	8f 01       	movw	r16, r30
   1fd22:	c7 01       	movw	r24, r14
   1fd24:	93 d0       	rcall	.+294    	; 0x1fe4c <__eewr_byte_m128>
   1fd26:	ff ef       	ldi	r31, 0xFF	; 255
   1fd28:	ef 1a       	sub	r14, r31
   1fd2a:	ff 0a       	sbc	r15, r31
   1fd2c:	f3 cf       	rjmp	.-26     	; 0x1fd14 <main+0x114>
	     * used to be code to do this while receiving the data over
	     * the serial link, but the performance improvement was slight,
	     * and we needed the space back.
	     */
#if defined(__AVR_ATmega128__) || defined (__AVR_ATmega64__)
		__boot_page_erase_normal((uint16_t)(void*)address);
   1fd2e:	f2 01       	movw	r30, r4
   1fd30:	d0 92 68 00 	sts	0x0068, r13
   1fd34:	e8 95       	spm
#else
	    __boot_page_erase_short((uint16_t)(void*)address);
#endif
	    boot_spm_busy_wait();
   1fd36:	80 91 68 00 	lds	r24, 0x0068
   1fd3a:	80 fd       	sbrc	r24, 0
   1fd3c:	fc cf       	rjmp	.-8      	; 0x1fd36 <main+0x136>
   1fd3e:	20 e0       	ldi	r18, 0x00	; 0
   1fd40:	30 e0       	ldi	r19, 0x00	; 0
   1fd42:	f9 01       	movw	r30, r18
   1fd44:	f3 95       	inc	r31
	    /*
	     * Copy data from the buffer into the flash write buffer.
	     */
	    do {
		uint16_t a;
		a = *bufPtr++;
   1fd46:	80 81       	ld	r24, Z
   1fd48:	f9 01       	movw	r30, r18
   1fd4a:	e4 0d       	add	r30, r4
   1fd4c:	f5 1d       	adc	r31, r5
   1fd4e:	d9 01       	movw	r26, r18
   1fd50:	af 5f       	subi	r26, 0xFF	; 255
   1fd52:	be 4f       	sbci	r27, 0xFE	; 254
		a |= (*bufPtr++) << 8;
   1fd54:	4c 91       	ld	r20, X
   1fd56:	90 e0       	ldi	r25, 0x00	; 0
   1fd58:	94 2b       	or	r25, r20
#if defined(__AVR_ATmega128__) || defined (__AVR_ATmega64__)
		__boot_page_fill_normal((uint16_t)(void*)addrPtr,a);
   1fd5a:	0c 01       	movw	r0, r24
   1fd5c:	c0 92 68 00 	sts	0x0068, r12
   1fd60:	e8 95       	spm
   1fd62:	11 24       	eor	r1, r1
   1fd64:	2e 5f       	subi	r18, 0xFE	; 254
   1fd66:	3f 4f       	sbci	r19, 0xFF	; 255
#else
		__boot_page_fill_short((uint16_t)(void*)addrPtr,a);
#endif
		addrPtr += 2;
	    } while (len -= 2);
   1fd68:	02 17       	cp	r16, r18
   1fd6a:	13 07       	cpc	r17, r19
   1fd6c:	51 f7       	brne	.-44     	; 0x1fd42 <main+0x142>

	    /*
	     * Actually Write the buffer to flash (and wait for it to finish.)
	     */
#if defined(__AVR_ATmega128__) || defined (__AVR_ATmega64__)
		__boot_page_write_normal((uint16_t)(void*)address);
   1fd6e:	f2 01       	movw	r30, r4
   1fd70:	b0 92 68 00 	sts	0x0068, r11
   1fd74:	e8 95       	spm
#else
	    __boot_page_write_short((uint16_t)(void*)address);
#endif
	    boot_spm_busy_wait();
   1fd76:	80 91 68 00 	lds	r24, 0x0068
   1fd7a:	80 fd       	sbrc	r24, 0
   1fd7c:	fc cf       	rjmp	.-8      	; 0x1fd76 <main+0x176>
#if defined(RWWSRE)
	    // Reenable read access to flash
#if defined(__AVR_ATmega128__) || defined (__AVR_ATmega64__)
		__boot_rww_enable();
   1fd7e:	a0 92 68 00 	sts	0x0068, r10
   1fd82:	e8 95       	spm
   1fd84:	34 c0       	rjmp	.+104    	; 0x1fdee <main+0x1ee>
      writebuffer(desttype, buff, address, savelength);


    }
    /* Read memory block mode, length is big endian.  */
    else if(ch == STK_READ_PAGE) {
   1fd86:	84 37       	cpi	r24, 0x74	; 116
   1fd88:	21 f5       	brne	.+72     	; 0x1fdd2 <main+0x1d2>
      uint8_t desttype;
      GETLENGTH(length);
   1fd8a:	38 d0       	rcall	.+112    	; 0x1fdfc <getch>
   1fd8c:	08 2f       	mov	r16, r24
   1fd8e:	10 e0       	ldi	r17, 0x00	; 0
   1fd90:	10 2f       	mov	r17, r16
   1fd92:	00 27       	eor	r16, r16
   1fd94:	33 d0       	rcall	.+102    	; 0x1fdfc <getch>
   1fd96:	08 2b       	or	r16, r24

      desttype = getch();
   1fd98:	31 d0       	rcall	.+98     	; 0x1fdfc <getch>

      verifySpace();
   1fd9a:	89 83       	std	Y+1, r24	; 0x01
   1fd9c:	3a d0       	rcall	.+116    	; 0x1fe12 <verifySpace>

static inline void read_mem(uint8_t memtype, uint16_t address, pagelen_t length)
{
    uint8_t ch;

    switch (memtype) {
   1fd9e:	89 81       	ldd	r24, Y+1	; 0x01
   1fda0:	72 01       	movw	r14, r4
   1fda2:	85 34       	cpi	r24, 0x45	; 69
   1fda4:	61 f4       	brne	.+24     	; 0x1fdbe <main+0x1be>

#if defined(SUPPORT_EEPROM) || defined(BIGBOOT)
    case 'E': // EEPROM
	do {
	    putch(eeprom_read_byte((uint8_t *)(address++)));
   1fda6:	c7 01       	movw	r24, r14
   1fda8:	49 d0       	rcall	.+146    	; 0x1fe3c <__eerd_byte_m128>
   1fdaa:	24 d0       	rcall	.+72     	; 0x1fdf4 <putch>
	} while (--length);
   1fdac:	01 50       	subi	r16, 0x01	; 1
   1fdae:	11 09       	sbc	r17, r1
   1fdb0:	ff ef       	ldi	r31, 0xFF	; 255
   1fdb2:	ef 1a       	sub	r14, r31
   1fdb4:	ff 0a       	sbc	r15, r31
   1fdb6:	01 15       	cp	r16, r1
   1fdb8:	11 05       	cpc	r17, r1
   1fdba:	a9 f7       	brne	.-22     	; 0x1fda6 <main+0x1a6>
   1fdbc:	18 c0       	rjmp	.+48     	; 0x1fdee <main+0x1ee>
	    __asm__ ("elpm %0,Z+\n" : "=r" (ch), "=z" (address): "1" (address));
#else
	    // read a Flash byte and increment the address
	    __asm__ ("lpm %0,Z+\n" : "=r" (ch), "=z" (address): "1" (address));
#endif
	    putch(ch);
   1fdbe:	f7 01       	movw	r30, r14
   1fdc0:	87 91       	elpm	r24, Z+
   1fdc2:	7f 01       	movw	r14, r30
   1fdc4:	17 d0       	rcall	.+46     	; 0x1fdf4 <putch>
	} while (--length);
   1fdc6:	01 50       	subi	r16, 0x01	; 1
   1fdc8:	11 09       	sbc	r17, r1
   1fdca:	01 15       	cp	r16, r1
   1fdcc:	11 05       	cpc	r17, r1
   1fdce:	b9 f7       	brne	.-18     	; 0x1fdbe <main+0x1be>
   1fdd0:	0e c0       	rjmp	.+28     	; 0x1fdee <main+0x1ee>

      read_mem(desttype, address, length);
    }

    /* Get device signature bytes  */
    else if(ch == STK_READ_SIGN) {
   1fdd2:	85 37       	cpi	r24, 0x75	; 117
   1fdd4:	39 f4       	brne	.+14     	; 0x1fde4 <main+0x1e4>
      // READ SIGN - return what Avrdude wants to hear
      verifySpace();
   1fdd6:	1d d0       	rcall	.+58     	; 0x1fe12 <verifySpace>
      putch(SIGNATURE_0);
   1fdd8:	8e e1       	ldi	r24, 0x1E	; 30
   1fdda:	0c d0       	rcall	.+24     	; 0x1fdf4 <putch>
      putch(SIGNATURE_1);
   1fddc:	87 e9       	ldi	r24, 0x97	; 151
   1fdde:	0a d0       	rcall	.+20     	; 0x1fdf4 <putch>
      putch(SIGNATURE_2);
   1fde0:	82 e0       	ldi	r24, 0x02	; 2
   1fde2:	54 cf       	rjmp	.-344    	; 0x1fc8c <main+0x8c>
    }
    else if (ch == STK_LEAVE_PROGMODE) { /* 'Q' */
   1fde4:	81 35       	cpi	r24, 0x51	; 81
   1fde6:	11 f4       	brne	.+4      	; 0x1fdec <main+0x1ec>
      // Adaboot no-wait mod
      watchdogConfig(WATCHDOG_16MS);
   1fde8:	88 e0       	ldi	r24, 0x08	; 8
   1fdea:	0f d0       	rcall	.+30     	; 0x1fe0a <watchdogConfig>
      verifySpace();
    }
    else {
      // This covers the response to commands like STK_ENTER_PROGMODE
      verifySpace();
   1fdec:	12 d0       	rcall	.+36     	; 0x1fe12 <verifySpace>
    }
    putch(STK_OK);
   1fdee:	80 e1       	ldi	r24, 0x10	; 16
   1fdf0:	01 d0       	rcall	.+2      	; 0x1fdf4 <putch>
  }
   1fdf2:	3d cf       	rjmp	.-390    	; 0x1fc6e <main+0x6e>

0001fdf4 <putch>:
}

void putch(char ch) {
#ifndef SOFT_UART
  while (!(UART_SRA & _BV(UDRE0)));
   1fdf4:	5d 9b       	sbis	0x0b, 5	; 11
   1fdf6:	fe cf       	rjmp	.-4      	; 0x1fdf4 <putch>
  UART_UDR = ch;
   1fdf8:	8c b9       	out	0x0c, r24	; 12
   1fdfa:	08 95       	ret

0001fdfc <getch>:
      [uartBit] "I" (UART_RX_BIT)
    :
      "r25"
);
#else
  while(!(UART_SRA & _BV(RXC0)))
   1fdfc:	5f 9b       	sbis	0x0b, 7	; 11
   1fdfe:	fe cf       	rjmp	.-4      	; 0x1fdfc <getch>
    ;
  if (!(UART_SRA & _BV(FE0))) {
   1fe00:	5c 99       	sbic	0x0b, 4	; 11
   1fe02:	01 c0       	rjmp	.+2      	; 0x1fe06 <getch+0xa>
}
#endif

// Watchdog functions. These are only safe with interrupts turned off.
void watchdogReset() {
  __asm__ __volatile__ (
   1fe04:	a8 95       	wdr
       * don't care that an invalid char is returned...)
       */
    watchdogReset();
  }

  ch = UART_UDR;
   1fe06:	8c b1       	in	r24, 0x0c	; 12
  LED_PIN |= _BV(LED);
#endif
#endif

  return ch;
}
   1fe08:	08 95       	ret

0001fe0a <watchdogConfig>:
    "wdr\n"
  );
}

void watchdogConfig(uint8_t x) {
  WDTCSR = _BV(WDCE) | _BV(WDE);
   1fe0a:	98 e1       	ldi	r25, 0x18	; 24
   1fe0c:	91 bd       	out	0x21, r25	; 33
  WDTCSR = x;
   1fe0e:	81 bd       	out	0x21, r24	; 33
   1fe10:	08 95       	ret

0001fe12 <verifySpace>:
  do getch(); while (--count);
  verifySpace();
}

void verifySpace() {
  if (getch() != CRC_EOP) {
   1fe12:	f4 df       	rcall	.-24     	; 0x1fdfc <getch>
   1fe14:	80 32       	cpi	r24, 0x20	; 32
   1fe16:	19 f0       	breq	.+6      	; 0x1fe1e <verifySpace+0xc>
    watchdogConfig(WATCHDOG_16MS);    // shorten WD timeout
   1fe18:	88 e0       	ldi	r24, 0x08	; 8
   1fe1a:	f7 df       	rcall	.-18     	; 0x1fe0a <watchdogConfig>
   1fe1c:	ff cf       	rjmp	.-2      	; 0x1fe1c <verifySpace+0xa>
    while (1)			      // and busy-loop so that WD causes
      ;				      //  a reset and app start.
  }
  putch(STK_INSYNC);
   1fe1e:	84 e1       	ldi	r24, 0x14	; 20
   1fe20:	e9 cf       	rjmp	.-46     	; 0x1fdf4 <putch>

0001fe22 <getNch>:
    ::[count] "M" (UART_B_VALUE)
  );
}
#endif

void getNch(uint8_t count) {
   1fe22:	cf 93       	push	r28
   1fe24:	c8 2f       	mov	r28, r24
  do getch(); while (--count);
   1fe26:	ea df       	rcall	.-44     	; 0x1fdfc <getch>
   1fe28:	c1 50       	subi	r28, 0x01	; 1
   1fe2a:	e9 f7       	brne	.-6      	; 0x1fe26 <getNch+0x4>
  verifySpace();
}
   1fe2c:	cf 91       	pop	r28
}
#endif

void getNch(uint8_t count) {
  do getch(); while (--count);
  verifySpace();
   1fe2e:	f1 cf       	rjmp	.-30     	; 0x1fe12 <verifySpace>

0001fe30 <appStart>:

void appStart(uint8_t rstFlags) {
  // save the reset flags in the designated register
  //  This can be saved in a main program by putting code in .init0 (which
  //  executes before normal c init code) to save R2 to a global variable.
  __asm__ __volatile__ ("mov r2, %0\n" :: "r" (rstFlags));
   1fe30:	28 2e       	mov	r2, r24

  watchdogConfig(WATCHDOG_OFF);
   1fe32:	80 e0       	ldi	r24, 0x00	; 0
   1fe34:	ea df       	rcall	.-44     	; 0x1fe0a <watchdogConfig>
  // Note that appstart_vec is defined so that this works with either
  // real or virtual boot partitions.
  __asm__ __volatile__ (
   1fe36:	e0 e0       	ldi	r30, 0x00	; 0
   1fe38:	ff 27       	eor	r31, r31
   1fe3a:	09 94       	ijmp

0001fe3c <__eerd_byte_m128>:
   1fe3c:	e1 99       	sbic	0x1c, 1	; 28
   1fe3e:	fe cf       	rjmp	.-4      	; 0x1fe3c <__eerd_byte_m128>
   1fe40:	9f bb       	out	0x1f, r25	; 31
   1fe42:	8e bb       	out	0x1e, r24	; 30
   1fe44:	e0 9a       	sbi	0x1c, 0	; 28
   1fe46:	99 27       	eor	r25, r25
   1fe48:	8d b3       	in	r24, 0x1d	; 29
   1fe4a:	08 95       	ret

0001fe4c <__eewr_byte_m128>:
   1fe4c:	26 2f       	mov	r18, r22

0001fe4e <__eewr_r18_m128>:
   1fe4e:	e1 99       	sbic	0x1c, 1	; 28
   1fe50:	fe cf       	rjmp	.-4      	; 0x1fe4e <__eewr_r18_m128>
   1fe52:	9f bb       	out	0x1f, r25	; 31
   1fe54:	8e bb       	out	0x1e, r24	; 30
   1fe56:	2d bb       	out	0x1d, r18	; 29
   1fe58:	0f b6       	in	r0, 0x3f	; 63
   1fe5a:	f8 94       	cli
   1fe5c:	e2 9a       	sbi	0x1c, 2	; 28
   1fe5e:	e1 9a       	sbi	0x1c, 1	; 28
   1fe60:	0f be       	out	0x3f, r0	; 63
   1fe62:	01 96       	adiw	r24, 0x01	; 1
   1fe64:	08 95       	ret
